2018-08-21 14:03:02,638 [Worker-4: Loading available Gradle versions] INFO  c.g.t.t.d.PublishedGradleVersions - Gradle version information cache is up-to-date. Trying to read.
2018-08-21 14:03:42,249 [Worker-6: Updating Maven Dependencies] INFO  o.e.m.c.i.l.LifecycleMappingFactory - Using org.eclipse.m2e.jdt.JarLifecycleMapping lifecycle mapping for MavenProject: com.niit:EcommDBMS:0.0.1-SNAPSHOT @ F:\Website on Ecommerce\EcommDBMS\pom.xml.
2018-08-21 14:03:42,249 [Worker-9: Building workspace] INFO  o.e.m.c.i.l.LifecycleMappingFactory - Using org.eclipse.m2e.jdt.JarLifecycleMapping lifecycle mapping for MavenProject: com.niit:EcommDBMS:0.0.1-SNAPSHOT @ F:\Website on Ecommerce\EcommDBMS\pom.xml.
2018-08-21 14:03:44,900 [Worker-9: Building workspace] INFO  o.e.m.c.i.embedder.EclipseLogger - Using 'UTF-8' encoding to copy filtered resources.
2018-08-21 14:03:44,901 [Worker-9: Building workspace] INFO  o.e.m.c.i.embedder.EclipseLogger - skip non existing resourceDirectory F:\Website on Ecommerce\EcommDBMS\src\main\resources
2018-08-21 14:03:44,905 [Worker-9: Building workspace] INFO  o.e.m.c.i.embedder.EclipseLogger - Using 'UTF-8' encoding to copy filtered resources.
2018-08-21 14:03:44,906 [Worker-9: Building workspace] INFO  o.e.m.c.i.embedder.EclipseLogger - skip non existing resourceDirectory F:\Website on Ecommerce\EcommDBMS\src\test\resources
2018-08-21 14:03:48,034 [Worker-2: Updating Maven Dependencies] INFO  o.e.m.c.i.l.LifecycleMappingFactory - Using org.eclipse.m2e.jdt.JarLifecycleMapping lifecycle mapping for MavenProject: com.niit:EcommDBMS:0.0.1-SNAPSHOT @ F:\Website on Ecommerce\EcommDBMS\pom.xml.
2018-08-21 14:03:48,450 [Worker-7: Building workspace] INFO  o.e.m.c.i.embedder.EclipseLogger - Using 'UTF-8' encoding to copy filtered resources.
2018-08-21 14:03:48,450 [Worker-7: Building workspace] INFO  o.e.m.c.i.embedder.EclipseLogger - skip non existing resourceDirectory F:\Website on Ecommerce\EcommDBMS\src\main\resources
2018-08-21 14:03:48,455 [Worker-7: Building workspace] INFO  o.e.m.c.i.embedder.EclipseLogger - Using 'UTF-8' encoding to copy filtered resources.
2018-08-21 14:03:48,455 [Worker-7: Building workspace] INFO  o.e.m.c.i.embedder.EclipseLogger - skip non existing resourceDirectory F:\Website on Ecommerce\EcommDBMS\src\test\resources
2018-08-21 14:03:50,701 [Worker-1: Building workspace] INFO  o.e.m.c.i.embedder.EclipseLogger - Using 'UTF-8' encoding to copy filtered resources.
2018-08-21 14:03:50,701 [Worker-1: Building workspace] INFO  o.e.m.c.i.embedder.EclipseLogger - skip non existing resourceDirectory F:\Website on Ecommerce\EcommDBMS\src\main\resources
2018-08-21 14:03:50,704 [Worker-1: Building workspace] INFO  o.e.m.c.i.embedder.EclipseLogger - Using 'UTF-8' encoding to copy filtered resources.
2018-08-21 14:03:50,704 [Worker-1: Building workspace] INFO  o.e.m.c.i.embedder.EclipseLogger - skip non existing resourceDirectory F:\Website on Ecommerce\EcommDBMS\src\test\resources
2018-08-21 14:03:51,036 [Worker-0: Updating Maven Project] INFO  o.e.m.c.i.p.ProjectConfigurationManager - Update started
2018-08-21 14:03:52,146 [Worker-0: Updating Maven Project] INFO  o.e.m.c.i.l.LifecycleMappingFactory - Using org.eclipse.m2e.jdt.JarLifecycleMapping lifecycle mapping for MavenProject: com.niit:EcommDBMS:0.0.1-SNAPSHOT @ F:\Website on Ecommerce\EcommDBMS\pom.xml.
2018-08-21 14:03:52,852 [Worker-0: Updating Maven Project] INFO  o.e.m.j.i.AbstractJavaProjectConfigurator - Adding source folder /EcommDBMS/src/main/java
2018-08-21 14:03:52,854 [Worker-0: Updating Maven Project] INFO  o.e.m.j.i.AbstractJavaProjectConfigurator - Adding source folder /EcommDBMS/src/test/java
2018-08-21 14:03:53,555 [Worker-0: Updating Maven Project] INFO  o.e.m.c.i.p.ProjectConfigurationManager - Update completed: 2 sec
2018-08-21 14:03:54,463 [Worker-12: Building workspace] INFO  o.e.m.c.i.embedder.EclipseLogger - Using 'UTF-8' encoding to copy filtered resources.
2018-08-21 14:03:54,463 [Worker-12: Building workspace] INFO  o.e.m.c.i.embedder.EclipseLogger - skip non existing resourceDirectory F:\Website on Ecommerce\EcommDBMS\src\main\resources
2018-08-21 14:03:54,466 [Worker-12: Building workspace] INFO  o.e.m.c.i.embedder.EclipseLogger - Using 'UTF-8' encoding to copy filtered resources.
2018-08-21 14:03:54,467 [Worker-12: Building workspace] INFO  o.e.m.c.i.embedder.EclipseLogger - skip non existing resourceDirectory F:\Website on Ecommerce\EcommDBMS\src\test\resources
2018-08-21 14:04:02,233 [Worker-9: Launching Executing clean in F__Website on Ecommerce_EcommDBMS] INFO  o.e.m.i.launch.MavenLaunchDelegate - F:\Website on Ecommerce\EcommDBMS
2018-08-21 14:04:02,235 [Worker-9: Launching Executing clean in F__Website on Ecommerce_EcommDBMS] INFO  o.e.m.i.launch.MavenLaunchDelegate -  mvn -B clean
2018-08-21 14:04:06,710 [Worker-2: Building workspace] INFO  o.e.m.c.i.embedder.EclipseLogger - Using 'UTF-8' encoding to copy filtered resources.
2018-08-21 14:04:06,712 [Worker-2: Building workspace] INFO  o.e.m.c.i.embedder.EclipseLogger - skip non existing resourceDirectory F:\Website on Ecommerce\EcommDBMS\src\main\resources
2018-08-21 14:04:06,725 [Worker-2: Building workspace] INFO  o.e.m.c.i.embedder.EclipseLogger - Using 'UTF-8' encoding to copy filtered resources.
2018-08-21 14:04:06,725 [Worker-2: Building workspace] INFO  o.e.m.c.i.embedder.EclipseLogger - skip non existing resourceDirectory F:\Website on Ecommerce\EcommDBMS\src\test\resources
2018-08-21 14:04:14,019 [Worker-7: Launching Executing install in F__Website on Ecommerce_EcommDBMS] INFO  o.e.m.i.launch.MavenLaunchDelegate - F:\Website on Ecommerce\EcommDBMS
2018-08-21 14:04:14,020 [Worker-7: Launching Executing install in F__Website on Ecommerce_EcommDBMS] INFO  o.e.m.i.launch.MavenLaunchDelegate -  mvn -B install
2018-08-21 14:04:18,968 [Worker-3: Building workspace] INFO  o.e.m.c.i.embedder.EclipseLogger - Using 'UTF-8' encoding to copy filtered resources.
2018-08-21 14:04:18,968 [Worker-3: Building workspace] INFO  o.e.m.c.i.embedder.EclipseLogger - skip non existing resourceDirectory F:\Website on Ecommerce\EcommDBMS\src\main\resources
2018-08-21 14:04:18,971 [Worker-3: Building workspace] INFO  o.e.m.c.i.embedder.EclipseLogger - Using 'UTF-8' encoding to copy filtered resources.
2018-08-21 14:04:18,972 [Worker-3: Building workspace] INFO  o.e.m.c.i.embedder.EclipseLogger - skip non existing resourceDirectory F:\Website on Ecommerce\EcommDBMS\src\test\resources
